2026-02-22T00:09:03.236+05:30  INFO 27916 --- [demo] [SpringApplicationShutdownHook] o.s.b.w.e.tomcat.GracefulShutdown        : Commencing graceful shutdown. Waiting for active requests to complete
2026-02-22T00:09:03.360+05:30  INFO 27916 --- [demo] [tomcat-shutdown] o.s.b.w.e.tomcat.GracefulShutdown        : Graceful shutdown complete
2026-02-22T00:09:03.419+05:30  INFO 27916 --- [demo] [SpringApplicationShutdownHook] j.LocalContainerEntityManagerFactoryBean : Closing JPA EntityManagerFactory for persistence unit 'default'
2026-02-22T00:09:03.467+05:30  INFO 27916 --- [demo] [SpringApplicationShutdownHook] com.zaxxer.hikari.HikariDataSource       : HikariPool-1 - Shutdown initiated...
2026-02-22T00:09:03.523+05:30  INFO 27916 --- [demo] [SpringApplicationShutdownHook] com.zaxxer.hikari.HikariDataSource       : HikariPool-1 - Shutdown completed.
2026-02-22T00:09:09.714+05:30  INFO 23832 --- [demo] [main] com.example.demo.DemoApplication         : Starting DemoApplication using Java 23 with PID 23832 (C:\Users\devip\P2Revplay\backend\target\classes started by devip in C:\Users\devip\P2Revplay\backend)
2026-02-22T00:09:09.714+05:30 DEBUG 23832 --- [demo] [main] com.example.demo.DemoApplication         : Running with Spring Boot v3.4.2, Spring v6.2.2
2026-02-22T00:09:09.714+05:30  INFO 23832 --- [demo] [main] com.example.demo.DemoApplication         : No active profile set, falling back to 1 default profile: "default"
2026-02-22T00:09:10.659+05:30  INFO 23832 --- [demo] [main] .s.d.r.c.RepositoryConfigurationDelegate : Bootstrapping Spring Data JPA repositories in DEFAULT mode.
2026-02-22T00:09:10.782+05:30  INFO 23832 --- [demo] [main] .s.d.r.c.RepositoryConfigurationDelegate : Finished Spring Data repository scanning in 111 ms. Found 10 JPA repository interfaces.
2026-02-22T00:09:11.446+05:30  INFO 23832 --- [demo] [main] o.s.b.w.embedded.tomcat.TomcatWebServer  : Tomcat initialized with port 8080 (http)
2026-02-22T00:09:11.463+05:30  INFO 23832 --- [demo] [main] o.apache.catalina.core.StandardService   : Starting service [Tomcat]
2026-02-22T00:09:11.463+05:30  INFO 23832 --- [demo] [main] o.apache.catalina.core.StandardEngine    : Starting Servlet engine: [Apache Tomcat/10.1.34]
2026-02-22T00:09:11.543+05:30  INFO 23832 --- [demo] [main] o.a.c.c.C.[Tomcat].[localhost].[/]       : Initializing Spring embedded WebApplicationContext
2026-02-22T00:09:11.543+05:30  INFO 23832 --- [demo] [main] w.s.c.ServletWebServerApplicationContext : Root WebApplicationContext: initialization completed in 1746 ms
2026-02-22T00:09:11.690+05:30  INFO 23832 --- [demo] [main] o.hibernate.jpa.internal.util.LogHelper  : HHH000204: Processing PersistenceUnitInfo [name: default]
2026-02-22T00:09:11.787+05:30  INFO 23832 --- [demo] [main] org.hibernate.Version                    : HHH000412: Hibernate ORM core version 6.6.5.Final
2026-02-22T00:09:11.827+05:30  INFO 23832 --- [demo] [main] o.h.c.internal.RegionFactoryInitiator    : HHH000026: Second-level cache disabled
2026-02-22T00:09:12.169+05:30  INFO 23832 --- [demo] [main] o.s.o.j.p.SpringPersistenceUnitInfo      : No LoadTimeWeaver setup: ignoring JPA class transformer
2026-02-22T00:09:12.212+05:30  INFO 23832 --- [demo] [main] com.zaxxer.hikari.HikariDataSource       : HikariPool-1 - Starting...
2026-02-22T00:09:12.476+05:30  INFO 23832 --- [demo] [main] com.zaxxer.hikari.pool.HikariPool        : HikariPool-1 - Added connection com.mysql.cj.jdbc.ConnectionImpl@7ec13984
2026-02-22T00:09:12.478+05:30  INFO 23832 --- [demo] [main] com.zaxxer.hikari.HikariDataSource       : HikariPool-1 - Start completed.
2026-02-22T00:09:12.568+05:30  WARN 23832 --- [demo] [main] org.hibernate.orm.deprecation            : HHH90000025: MySQLDialect does not need to be specified explicitly using 'hibernate.dialect' (remove the property setting and it will be selected by default)
2026-02-22T00:09:12.590+05:30  INFO 23832 --- [demo] [main] org.hibernate.orm.connections.pooling    : HHH10001005: Database info:
	Database JDBC URL [Connecting through datasource 'HikariDataSource (HikariPool-1)']
	Database driver: undefined/unknown
	Database version: 8.0.44
	Autocommit mode: undefined/unknown
	Isolation level: undefined/unknown
	Minimum pool size: undefined/unknown
	Maximum pool size: undefined/unknown
2026-02-22T00:09:13.826+05:30  INFO 23832 --- [demo] [main] o.h.e.t.j.p.i.JtaPlatformInitiator       : HHH000489: No JTA platform available (set 'hibernate.transaction.jta.platform' to enable JTA platform integration)
2026-02-22T00:09:14.021+05:30  INFO 23832 --- [demo] [main] j.LocalContainerEntityManagerFactoryBean : Initialized JPA EntityManagerFactory for persistence unit 'default'
2026-02-22T00:09:14.413+05:30 DEBUG 23832 --- [demo] [main] c.e.d.security.JwtAuthenticationFilter   : Filter 'jwtAuthenticationFilter' configured for use
2026-02-22T00:09:14.500+05:30  INFO 23832 --- [demo] [main] o.s.d.j.r.query.QueryEnhancerFactory     : Hibernate is in classpath; If applicable, HQL parser will be used.
2026-02-22T00:09:16.316+05:30  INFO 23832 --- [demo] [main] r$InitializeUserDetailsManagerConfigurer : Global AuthenticationManager configured with UserDetailsService bean with name customUserDetailsService
2026-02-22T00:09:16.419+05:30  WARN 23832 --- [demo] [main] JpaBaseConfiguration$JpaWebConfiguration : spring.jpa.open-in-view is enabled by default. Therefore, database queries may be performed during view rendering. Explicitly configure spring.jpa.open-in-view to disable this warning
2026-02-22T00:09:16.970+05:30  INFO 23832 --- [demo] [main] o.s.b.w.embedded.tomcat.TomcatWebServer  : Tomcat started on port 8080 (http) with context path '/'
2026-02-22T00:09:16.977+05:30  INFO 23832 --- [demo] [main] com.example.demo.DemoApplication         : Started DemoApplication in 7.899 seconds (process running for 8.775)
2026-02-22T00:12:22.045+05:30  INFO 23832 --- [demo] [http-nio-8080-exec-1] o.a.c.c.C.[Tomcat].[localhost].[/]       : Initializing Spring DispatcherServlet 'dispatcherServlet'
2026-02-22T00:12:22.047+05:30  INFO 23832 --- [demo] [http-nio-8080-exec-1] o.s.web.servlet.DispatcherServlet        : Initializing Servlet 'dispatcherServlet'
2026-02-22T00:12:22.108+05:30  INFO 23832 --- [demo] [http-nio-8080-exec-1] o.s.web.servlet.DispatcherServlet        : Completed initialization in 61 ms
2026-02-22T00:12:22.551+05:30 DEBUG 23832 --- [demo] [http-nio-8080-exec-4] c.e.d.security.CustomUserDetailsService  : Attempting to load user details for email: sanju@gmail.com
2026-02-22T00:12:22.551+05:30 DEBUG 23832 --- [demo] [http-nio-8080-exec-5] c.e.d.security.CustomUserDetailsService  : Attempting to load user details for email: sanju@gmail.com
2026-02-22T00:12:22.551+05:30 DEBUG 23832 --- [demo] [http-nio-8080-exec-7] c.e.d.security.CustomUserDetailsService  : Attempting to load user details for email: sanju@gmail.com
2026-02-22T00:12:36.108+05:30 DEBUG 23832 --- [demo] [http-nio-8080-exec-8] c.e.d.security.CustomUserDetailsService  : Attempting to load user details for email: sanju@gmail.com
2026-02-22T00:12:36.179+05:30 DEBUG 23832 --- [demo] [http-nio-8080-exec-8] com.example.demo.service.AuthService     : Login attempt for: sanju@gmail.com
2026-02-22T00:12:36.312+05:30 DEBUG 23832 --- [demo] [http-nio-8080-exec-8] c.e.d.security.CustomUserDetailsService  : Attempting to load user details for email: sanju@gmail.com
2026-02-22T00:12:36.455+05:30  INFO 23832 --- [demo] [http-nio-8080-exec-8] com.example.demo.service.AuthService     : Login successful for: sanju@gmail.com
2026-02-22T00:12:36.547+05:30 DEBUG 23832 --- [demo] [http-nio-8080-exec-3] c.e.d.security.CustomUserDetailsService  : Attempting to load user details for email: sanju@gmail.com
2026-02-22T00:12:36.552+05:30 DEBUG 23832 --- [demo] [http-nio-8080-exec-5] c.e.d.security.CustomUserDetailsService  : Attempting to load user details for email: sanju@gmail.com
2026-02-22T00:12:36.552+05:30 DEBUG 23832 --- [demo] [http-nio-8080-exec-1] c.e.d.security.CustomUserDetailsService  : Attempting to load user details for email: sanju@gmail.com
2026-02-22T00:12:47.843+05:30 DEBUG 23832 --- [demo] [http-nio-8080-exec-2] c.e.d.security.CustomUserDetailsService  : Attempting to load user details for email: sanju@gmail.com
2026-02-22T00:12:47.844+05:30 DEBUG 23832 --- [demo] [http-nio-8080-exec-10] c.e.d.security.CustomUserDetailsService  : Attempting to load user details for email: sanju@gmail.com
2026-02-22T00:12:48.045+05:30 DEBUG 23832 --- [demo] [http-nio-8080-exec-5] c.e.d.security.CustomUserDetailsService  : Attempting to load user details for email: sanju@gmail.com
2026-02-22T00:12:58.513+05:30 DEBUG 23832 --- [demo] [http-nio-8080-exec-3] c.e.d.security.CustomUserDetailsService  : Attempting to load user details for email: sanju@gmail.com
2026-02-22T00:12:58.515+05:30 DEBUG 23832 --- [demo] [http-nio-8080-exec-10] c.e.d.security.CustomUserDetailsService  : Attempting to load user details for email: sanju@gmail.com
2026-02-22T00:12:58.575+05:30 DEBUG 23832 --- [demo] [http-nio-8080-exec-5] c.e.d.security.CustomUserDetailsService  : Attempting to load user details for email: sanju@gmail.com
2026-02-22T00:13:21.524+05:30 DEBUG 23832 --- [demo] [http-nio-8080-exec-9] c.e.d.security.CustomUserDetailsService  : Attempting to load user details for email: sanju@gmail.com
2026-02-22T00:13:21.524+05:30 DEBUG 23832 --- [demo] [http-nio-8080-exec-10] c.e.d.security.CustomUserDetailsService  : Attempting to load user details for email: sanju@gmail.com
2026-02-22T00:13:28.046+05:30 DEBUG 23832 --- [demo] [http-nio-8080-exec-7] c.e.d.security.CustomUserDetailsService  : Attempting to load user details for email: sanju@gmail.com
2026-02-22T00:13:28.049+05:30 DEBUG 23832 --- [demo] [http-nio-8080-exec-4] c.e.d.security.CustomUserDetailsService  : Attempting to load user details for email: sanju@gmail.com
2026-02-22T00:13:28.051+05:30 DEBUG 23832 --- [demo] [http-nio-8080-exec-5] c.e.d.security.CustomUserDetailsService  : Attempting to load user details for email: sanju@gmail.com
2026-02-22T00:13:34.363+05:30 DEBUG 23832 --- [demo] [http-nio-8080-exec-1] c.e.d.security.CustomUserDetailsService  : Attempting to load user details for email: sanju@gmail.com
2026-02-22T00:13:34.363+05:30 DEBUG 23832 --- [demo] [http-nio-8080-exec-3] c.e.d.security.CustomUserDetailsService  : Attempting to load user details for email: sanju@gmail.com
2026-02-22T00:13:34.405+05:30 DEBUG 23832 --- [demo] [http-nio-8080-exec-7] c.e.d.security.CustomUserDetailsService  : Attempting to load user details for email: sanju@gmail.com
2026-02-22T00:13:51.635+05:30 DEBUG 23832 --- [demo] [http-nio-8080-exec-10] c.e.d.security.CustomUserDetailsService  : Attempting to load user details for email: sanju@gmail.com
2026-02-22T00:13:51.634+05:30 DEBUG 23832 --- [demo] [http-nio-8080-exec-9] c.e.d.security.CustomUserDetailsService  : Attempting to load user details for email: sanju@gmail.com
2026-02-22T00:13:59.525+05:30 DEBUG 23832 --- [demo] [http-nio-8080-exec-5] c.e.d.security.CustomUserDetailsService  : Attempting to load user details for email: sanju@gmail.com
2026-02-22T00:13:59.525+05:30 DEBUG 23832 --- [demo] [http-nio-8080-exec-4] c.e.d.security.CustomUserDetailsService  : Attempting to load user details for email: sanju@gmail.com
2026-02-22T00:13:59.525+05:30 DEBUG 23832 --- [demo] [http-nio-8080-exec-7] c.e.d.security.CustomUserDetailsService  : Attempting to load user details for email: sanju@gmail.com
2026-02-22T00:14:01.859+05:30 DEBUG 23832 --- [demo] [http-nio-8080-exec-10] c.e.d.security.CustomUserDetailsService  : Attempting to load user details for email: sanju@gmail.com
2026-02-22T00:14:29.969+05:30 DEBUG 23832 --- [demo] [http-nio-8080-exec-3] c.e.d.security.CustomUserDetailsService  : Attempting to load user details for email: sanju@gmail.com
2026-02-22T00:14:30.038+05:30 DEBUG 23832 --- [demo] [http-nio-8080-exec-7] c.e.d.security.CustomUserDetailsService  : Attempting to load user details for email: sanju@gmail.com
2026-02-22T00:14:40.112+05:30 DEBUG 23832 --- [demo] [http-nio-8080-exec-5] c.e.d.security.CustomUserDetailsService  : Attempting to load user details for email: sanju@gmail.com
2026-02-22T00:14:41.471+05:30 DEBUG 23832 --- [demo] [http-nio-8080-exec-10] c.e.d.security.CustomUserDetailsService  : Attempting to load user details for email: sanju@gmail.com
2026-02-22T00:14:41.471+05:30 DEBUG 23832 --- [demo] [http-nio-8080-exec-1] c.e.d.security.CustomUserDetailsService  : Attempting to load user details for email: sanju@gmail.com
2026-02-22T00:14:41.471+05:30 DEBUG 23832 --- [demo] [http-nio-8080-exec-3] c.e.d.security.CustomUserDetailsService  : Attempting to load user details for email: sanju@gmail.com
2026-02-22T00:14:46.359+05:30 DEBUG 23832 --- [demo] [http-nio-8080-exec-5] c.e.d.security.CustomUserDetailsService  : Attempting to load user details for email: sanju@gmail.com
2026-02-22T00:14:48.357+05:30 DEBUG 23832 --- [demo] [http-nio-8080-exec-8] c.e.d.security.CustomUserDetailsService  : Attempting to load user details for email: sanju@gmail.com
2026-02-22T00:14:56.210+05:30 DEBUG 23832 --- [demo] [http-nio-8080-exec-3] c.e.d.security.CustomUserDetailsService  : Attempting to load user details for email: sanju@gmail.com
2026-02-22T00:14:57.517+05:30 DEBUG 23832 --- [demo] [http-nio-8080-exec-10] c.e.d.security.CustomUserDetailsService  : Attempting to load user details for email: sanju@gmail.com
2026-02-22T00:15:01.571+05:30 DEBUG 23832 --- [demo] [http-nio-8080-exec-2] c.e.d.security.CustomUserDetailsService  : Attempting to load user details for email: sanju@gmail.com
2026-02-22T00:15:03.774+05:30 DEBUG 23832 --- [demo] [http-nio-8080-exec-5] c.e.d.security.CustomUserDetailsService  : Attempting to load user details for email: sanju@gmail.com
2026-02-22T00:15:11.578+05:30 DEBUG 23832 --- [demo] [http-nio-8080-exec-8] c.e.d.security.CustomUserDetailsService  : Attempting to load user details for email: sanju@gmail.com
2026-02-22T00:15:29.037+05:30 DEBUG 23832 --- [demo] [http-nio-8080-exec-10] c.e.d.security.CustomUserDetailsService  : Attempting to load user details for email: sanju@gmail.com
2026-02-22T00:15:29.041+05:30 DEBUG 23832 --- [demo] [http-nio-8080-exec-2] c.e.d.security.CustomUserDetailsService  : Attempting to load user details for email: sanju@gmail.com
2026-02-22T00:15:29.041+05:30 DEBUG 23832 --- [demo] [http-nio-8080-exec-7] c.e.d.security.CustomUserDetailsService  : Attempting to load user details for email: sanju@gmail.com
2026-02-22T00:15:30.219+05:30 DEBUG 23832 --- [demo] [http-nio-8080-exec-6] c.e.d.security.CustomUserDetailsService  : Attempting to load user details for email: sanju@gmail.com
2026-02-22T00:15:32.806+05:30 DEBUG 23832 --- [demo] [http-nio-8080-exec-10] c.e.d.security.CustomUserDetailsService  : Attempting to load user details for email: sanju@gmail.com
2026-02-22T00:15:34.507+05:30 DEBUG 23832 --- [demo] [http-nio-8080-exec-8] c.e.d.security.CustomUserDetailsService  : Attempting to load user details for email: sanju@gmail.com
2026-02-22T00:15:34.507+05:30 DEBUG 23832 --- [demo] [http-nio-8080-exec-9] c.e.d.security.CustomUserDetailsService  : Attempting to load user details for email: sanju@gmail.com
2026-02-22T00:15:34.507+05:30 DEBUG 23832 --- [demo] [http-nio-8080-exec-2] c.e.d.security.CustomUserDetailsService  : Attempting to load user details for email: sanju@gmail.com
2026-02-22T00:15:37.310+05:30 DEBUG 23832 --- [demo] [http-nio-8080-exec-7] c.e.d.security.CustomUserDetailsService  : Attempting to load user details for email: sanju@gmail.com
2026-02-22T00:15:39.153+05:30 DEBUG 23832 --- [demo] [http-nio-8080-exec-5] c.e.d.security.CustomUserDetailsService  : Attempting to load user details for email: sanju@gmail.com
2026-02-22T00:15:41.473+05:30 DEBUG 23832 --- [demo] [http-nio-8080-exec-3] c.e.d.security.CustomUserDetailsService  : Attempting to load user details for email: sanju@gmail.com
2026-02-22T00:15:41.474+05:30 DEBUG 23832 --- [demo] [http-nio-8080-exec-10] c.e.d.security.CustomUserDetailsService  : Attempting to load user details for email: sanju@gmail.com
2026-02-22T00:15:41.474+05:30 DEBUG 23832 --- [demo] [http-nio-8080-exec-1] c.e.d.security.CustomUserDetailsService  : Attempting to load user details for email: sanju@gmail.com
2026-02-22T00:15:44.147+05:30 DEBUG 23832 --- [demo] [http-nio-8080-exec-2] c.e.d.security.CustomUserDetailsService  : Attempting to load user details for email: sanju@gmail.com
2026-02-22T00:16:01.739+05:30 DEBUG 23832 --- [demo] [http-nio-8080-exec-6] c.e.d.security.CustomUserDetailsService  : Attempting to load user details for email: sanju@gmail.com
2026-02-22T00:16:04.852+05:30 DEBUG 23832 --- [demo] [http-nio-8080-exec-3] c.e.d.security.CustomUserDetailsService  : Attempting to load user details for email: sanju@gmail.com
2026-02-22T00:16:08.773+05:30 DEBUG 23832 --- [demo] [http-nio-8080-exec-2] c.e.d.security.CustomUserDetailsService  : Attempting to load user details for email: sanju@gmail.com
2026-02-22T00:16:08.773+05:30 DEBUG 23832 --- [demo] [http-nio-8080-exec-5] c.e.d.security.CustomUserDetailsService  : Attempting to load user details for email: sanju@gmail.com
2026-02-22T00:16:08.773+05:30 DEBUG 23832 --- [demo] [http-nio-8080-exec-4] c.e.d.security.CustomUserDetailsService  : Attempting to load user details for email: sanju@gmail.com
2026-02-22T00:16:20.790+05:30 DEBUG 23832 --- [demo] [http-nio-8080-exec-3] com.example.demo.service.AuthService     : Login attempt for: srujana@gmail.com
2026-02-22T00:16:20.791+05:30 DEBUG 23832 --- [demo] [http-nio-8080-exec-3] c.e.d.security.CustomUserDetailsService  : Attempting to load user details for email: srujana@gmail.com
2026-02-22T00:16:21.068+05:30  INFO 23832 --- [demo] [http-nio-8080-exec-3] com.example.demo.service.AuthService     : Login successful for: srujana@gmail.com
2026-02-22T00:16:21.111+05:30 DEBUG 23832 --- [demo] [http-nio-8080-exec-7] c.e.d.security.CustomUserDetailsService  : Attempting to load user details for email: srujana@gmail.com
2026-02-22T00:16:21.112+05:30 DEBUG 23832 --- [demo] [http-nio-8080-exec-5] c.e.d.security.CustomUserDetailsService  : Attempting to load user details for email: srujana@gmail.com
2026-02-22T00:16:21.112+05:30 DEBUG 23832 --- [demo] [http-nio-8080-exec-4] c.e.d.security.CustomUserDetailsService  : Attempting to load user details for email: srujana@gmail.com
2026-02-22T00:16:28.186+05:30 DEBUG 23832 --- [demo] [http-nio-8080-exec-8] c.e.d.security.CustomUserDetailsService  : Attempting to load user details for email: srujana@gmail.com
2026-02-22T00:21:47.885+05:30 DEBUG 23832 --- [demo] [http-nio-8080-exec-5] c.e.d.security.CustomUserDetailsService  : Attempting to load user details for email: srujana@gmail.com
2026-02-22T00:21:47.885+05:30 DEBUG 23832 --- [demo] [http-nio-8080-exec-10] c.e.d.security.CustomUserDetailsService  : Attempting to load user details for email: srujana@gmail.com
2026-02-22T00:21:47.885+05:30 DEBUG 23832 --- [demo] [http-nio-8080-exec-1] c.e.d.security.CustomUserDetailsService  : Attempting to load user details for email: srujana@gmail.com
2026-02-22T00:25:48.040+05:30 DEBUG 23832 --- [demo] [http-nio-8080-exec-4] c.e.d.security.CustomUserDetailsService  : Attempting to load user details for email: srujana@gmail.com
2026-02-22T00:25:59.791+05:30 DEBUG 23832 --- [demo] [http-nio-8080-exec-2] c.e.d.security.CustomUserDetailsService  : Attempting to load user details for email: srujana@gmail.com
2026-02-22T00:25:59.791+05:30 DEBUG 23832 --- [demo] [http-nio-8080-exec-6] c.e.d.security.CustomUserDetailsService  : Attempting to load user details for email: srujana@gmail.com
2026-02-22T00:25:59.791+05:30 DEBUG 23832 --- [demo] [http-nio-8080-exec-3] c.e.d.security.CustomUserDetailsService  : Attempting to load user details for email: srujana@gmail.com
2026-02-22T00:26:03.940+05:30 DEBUG 23832 --- [demo] [http-nio-8080-exec-4] c.e.d.security.CustomUserDetailsService  : Attempting to load user details for email: srujana@gmail.com
2026-02-22T00:26:13.361+05:30 DEBUG 23832 --- [demo] [http-nio-8080-exec-2] c.e.d.security.CustomUserDetailsService  : Attempting to load user details for email: srujana@gmail.com
2026-02-22T00:26:13.361+05:30 DEBUG 23832 --- [demo] [http-nio-8080-exec-6] c.e.d.security.CustomUserDetailsService  : Attempting to load user details for email: srujana@gmail.com
2026-02-22T00:26:13.361+05:30 DEBUG 23832 --- [demo] [http-nio-8080-exec-1] c.e.d.security.CustomUserDetailsService  : Attempting to load user details for email: srujana@gmail.com
2026-02-22T00:26:48.222+05:30 DEBUG 23832 --- [demo] [http-nio-8080-exec-9] c.e.d.security.CustomUserDetailsService  : Attempting to load user details for email: srujana@gmail.com
2026-02-22T00:26:53.675+05:30 DEBUG 23832 --- [demo] [http-nio-8080-exec-10] c.e.d.security.CustomUserDetailsService  : Attempting to load user details for email: srujana@gmail.com
2026-02-22T00:26:53.675+05:30 DEBUG 23832 --- [demo] [http-nio-8080-exec-5] c.e.d.security.CustomUserDetailsService  : Attempting to load user details for email: srujana@gmail.com
2026-02-22T00:26:53.676+05:30 DEBUG 23832 --- [demo] [http-nio-8080-exec-6] c.e.d.security.CustomUserDetailsService  : Attempting to load user details for email: srujana@gmail.com
2026-02-22T00:28:27.780+05:30 DEBUG 23832 --- [demo] [http-nio-8080-exec-6] c.e.d.security.CustomUserDetailsService  : Attempting to load user details for email: srujana@gmail.com
2026-02-22T00:28:44.769+05:30 DEBUG 23832 --- [demo] [http-nio-8080-exec-2] c.e.d.security.CustomUserDetailsService  : Attempting to load user details for email: srujana@gmail.com
2026-02-22T00:28:44.782+05:30 DEBUG 23832 --- [demo] [http-nio-8080-exec-8] c.e.d.security.CustomUserDetailsService  : Attempting to load user details for email: srujana@gmail.com
2026-02-22T00:28:44.782+05:30 DEBUG 23832 --- [demo] [http-nio-8080-exec-9] c.e.d.security.CustomUserDetailsService  : Attempting to load user details for email: srujana@gmail.com
2026-02-22T00:28:48.015+05:30 DEBUG 23832 --- [demo] [http-nio-8080-exec-1] c.e.d.security.CustomUserDetailsService  : Attempting to load user details for email: srujana@gmail.com
2026-02-22T00:28:48.015+05:30 DEBUG 23832 --- [demo] [http-nio-8080-exec-3] c.e.d.security.CustomUserDetailsService  : Attempting to load user details for email: srujana@gmail.com
2026-02-22T00:28:48.088+05:30 DEBUG 23832 --- [demo] [http-nio-8080-exec-8] c.e.d.security.CustomUserDetailsService  : Attempting to load user details for email: srujana@gmail.com
2026-02-22T00:29:03.445+05:30 DEBUG 23832 --- [demo] [http-nio-8080-exec-5] c.e.d.security.CustomUserDetailsService  : Attempting to load user details for email: srujana@gmail.com
2026-02-22T00:29:03.445+05:30 DEBUG 23832 --- [demo] [http-nio-8080-exec-4] c.e.d.security.CustomUserDetailsService  : Attempting to load user details for email: srujana@gmail.com
2026-02-22T00:29:16.737+05:30 DEBUG 23832 --- [demo] [http-nio-8080-exec-10] c.e.d.security.CustomUserDetailsService  : Attempting to load user details for email: srujana@gmail.com
2026-02-22T00:29:16.737+05:30 DEBUG 23832 --- [demo] [http-nio-8080-exec-8] c.e.d.security.CustomUserDetailsService  : Attempting to load user details for email: srujana@gmail.com
2026-02-22T00:29:16.737+05:30 DEBUG 23832 --- [demo] [http-nio-8080-exec-3] c.e.d.security.CustomUserDetailsService  : Attempting to load user details for email: srujana@gmail.com
2026-02-22T00:29:18.068+05:30 DEBUG 23832 --- [demo] [http-nio-8080-exec-4] c.e.d.security.CustomUserDetailsService  : Attempting to load user details for email: srujana@gmail.com
2026-02-22T00:29:19.725+05:30 DEBUG 23832 --- [demo] [http-nio-8080-exec-2] c.e.d.security.CustomUserDetailsService  : Attempting to load user details for email: srujana@gmail.com
2026-02-22T00:29:19.726+05:30 DEBUG 23832 --- [demo] [http-nio-8080-exec-1] c.e.d.security.CustomUserDetailsService  : Attempting to load user details for email: srujana@gmail.com
2026-02-22T00:29:19.726+05:30 DEBUG 23832 --- [demo] [http-nio-8080-exec-7] c.e.d.security.CustomUserDetailsService  : Attempting to load user details for email: srujana@gmail.com
2026-02-22T00:29:21.264+05:30 DEBUG 23832 --- [demo] [http-nio-8080-exec-9] c.e.d.security.CustomUserDetailsService  : Attempting to load user details for email: srujana@gmail.com
2026-02-22T00:29:23.352+05:30 DEBUG 23832 --- [demo] [http-nio-8080-exec-4] c.e.d.security.CustomUserDetailsService  : Attempting to load user details for email: srujana@gmail.com
2026-02-22T00:29:27.426+05:30 DEBUG 23832 --- [demo] [http-nio-8080-exec-7] c.e.d.security.CustomUserDetailsService  : Attempting to load user details for email: srujana@gmail.com
2026-02-22T00:29:29.412+05:30 DEBUG 23832 --- [demo] [http-nio-8080-exec-9] c.e.d.security.CustomUserDetailsService  : Attempting to load user details for email: srujana@gmail.com
2026-02-22T00:29:29.412+05:30 DEBUG 23832 --- [demo] [http-nio-8080-exec-8] c.e.d.security.CustomUserDetailsService  : Attempting to load user details for email: srujana@gmail.com
2026-02-22T00:29:29.413+05:30 DEBUG 23832 --- [demo] [http-nio-8080-exec-6] c.e.d.security.CustomUserDetailsService  : Attempting to load user details for email: srujana@gmail.com
2026-02-22T00:29:35.330+05:30 DEBUG 23832 --- [demo] [http-nio-8080-exec-10] c.e.d.security.CustomUserDetailsService  : Attempting to load user details for email: srujana@gmail.com
2026-02-22T00:29:35.331+05:30 DEBUG 23832 --- [demo] [http-nio-8080-exec-3] c.e.d.security.CustomUserDetailsService  : Attempting to load user details for email: srujana@gmail.com
2026-02-22T00:29:35.331+05:30 DEBUG 23832 --- [demo] [http-nio-8080-exec-8] c.e.d.security.CustomUserDetailsService  : Attempting to load user details for email: srujana@gmail.com
2026-02-22T00:30:05.290+05:30 DEBUG 23832 --- [demo] [http-nio-8080-exec-2] com.example.demo.service.AuthService     : Login attempt for: sanju@gmail.com
2026-02-22T00:30:05.290+05:30 DEBUG 23832 --- [demo] [http-nio-8080-exec-2] c.e.d.security.CustomUserDetailsService  : Attempting to load user details for email: sanju@gmail.com
2026-02-22T00:30:05.541+05:30  INFO 23832 --- [demo] [http-nio-8080-exec-2] com.example.demo.service.AuthService     : Login successful for: sanju@gmail.com
2026-02-22T00:30:05.576+05:30 DEBUG 23832 --- [demo] [http-nio-8080-exec-10] c.e.d.security.CustomUserDetailsService  : Attempting to load user details for email: sanju@gmail.com
2026-02-22T00:30:05.578+05:30 DEBUG 23832 --- [demo] [http-nio-8080-exec-3] c.e.d.security.CustomUserDetailsService  : Attempting to load user details for email: sanju@gmail.com
2026-02-22T00:30:05.579+05:30 DEBUG 23832 --- [demo] [http-nio-8080-exec-6] c.e.d.security.CustomUserDetailsService  : Attempting to load user details for email: sanju@gmail.com
2026-02-22T00:37:20.845+05:30  INFO 23832 --- [demo] [SpringApplicationShutdownHook] o.s.b.w.e.tomcat.GracefulShutdown        : Commencing graceful shutdown. Waiting for active requests to complete
2026-02-22T00:37:20.902+05:30  INFO 23832 --- [demo] [tomcat-shutdown] o.s.b.w.e.tomcat.GracefulShutdown        : Graceful shutdown complete
2026-02-22T00:37:20.941+05:30  INFO 23832 --- [demo] [SpringApplicationShutdownHook] j.LocalContainerEntityManagerFactoryBean : Closing JPA EntityManagerFactory for persistence unit 'default'
2026-02-22T00:37:20.954+05:30  INFO 23832 --- [demo] [SpringApplicationShutdownHook] com.zaxxer.hikari.HikariDataSource       : HikariPool-1 - Shutdown initiated...
2026-02-22T00:37:20.998+05:30  INFO 23832 --- [demo] [SpringApplicationShutdownHook] com.zaxxer.hikari.HikariDataSource       : HikariPool-1 - Shutdown completed.
